<?xml version="1.0" encoding="UTF-8"?>
<coverage generated="1509104124228" clover="3.2.0">
  <project timestamp="1509104124229" name="All files">
    <metrics statements="122" coveredstatements="97" conditionals="61" coveredconditionals="37" methods="35" coveredmethods="23" elements="218" coveredelements="157" complexity="0" loc="122" ncloc="122" packages="7" files="8" classes="8">
      <package name="src">
        <metrics statements="9" coveredstatements="9" conditionals="4" coveredconditionals="2" methods="0" coveredmethods="0"/>
        <file name="config.tsx" path="D:\react\today\typescript\src\config.tsx">
          <metrics statements="9" coveredstatements="9" conditionals="4" coveredconditionals="2" methods="0" coveredmethods="0"/>
          <line num="2" count="1" type="stmt"/>
          <line num="3" count="1" type="stmt"/>
          <line num="4" count="1" type="stmt"/>
          <line num="5" count="1" type="stmt"/>
          <line num="6" count="1" type="cond" truecount="1" falsecount="1"/>
          <line num="7" count="1" type="stmt"/>
          <line num="8" count="1" type="stmt"/>
          <line num="9" count="1" type="cond" truecount="1" falsecount="1"/>
          <line num="12" count="1" type="stmt"/>
        </file>
      </package>
      <package name="src.components.Background">
        <metrics statements="21" coveredstatements="19" conditionals="14" coveredconditionals="8" methods="8" coveredmethods="6"/>
        <file name="data.tsx" path="D:\react\today\typescript\src\components\Background\data.tsx">
          <metrics statements="3" coveredstatements="3" conditionals="0" coveredconditionals="0" methods="0" coveredmethods="0"/>
          <line num="2" count="2" type="stmt"/>
          <line num="3" count="2" type="stmt"/>
          <line num="4" count="2" type="stmt"/>
        </file>
        <file name="index.tsx" path="D:\react\today\typescript\src\components\Background\index.tsx">
          <metrics statements="18" coveredstatements="16" conditionals="14" coveredconditionals="8" methods="8" coveredmethods="6"/>
          <line num="2" count="2" type="cond" truecount="3" falsecount="0"/>
          <line num="3" count="2" type="cond" truecount="1" falsecount="3"/>
          <line num="4" count="0" type="stmt"/>
          <line num="5" count="0" type="cond" truecount="0" falsecount="2"/>
          <line num="6" count="2" type="stmt"/>
          <line num="7" count="2" type="stmt"/>
          <line num="8" count="2" type="stmt"/>
          <line num="9" count="2" type="cond" truecount="1" falsecount="1"/>
          <line num="12" count="2" type="stmt"/>
          <line num="13" count="2" type="stmt"/>
          <line num="14" count="2" type="stmt"/>
          <line num="15" count="2" type="stmt"/>
          <line num="16" count="2" type="stmt"/>
          <line num="18" count="6" type="cond" truecount="3" falsecount="0"/>
          <line num="20" count="2" type="stmt"/>
          <line num="21" count="6" type="stmt"/>
          <line num="23" count="2" type="stmt"/>
          <line num="25" count="2" type="stmt"/>
        </file>
      </package>
      <package name="src.components.InputText">
        <metrics statements="25" coveredstatements="18" conditionals="25" coveredconditionals="16" methods="9" coveredmethods="6"/>
        <file name="index.tsx" path="D:\react\today\typescript\src\components\InputText\index.tsx">
          <metrics statements="25" coveredstatements="18" conditionals="25" coveredconditionals="16" methods="9" coveredmethods="6"/>
          <line num="2" count="1" type="cond" truecount="3" falsecount="0"/>
          <line num="3" count="1" type="cond" truecount="1" falsecount="3"/>
          <line num="4" count="0" type="stmt"/>
          <line num="5" count="0" type="cond" truecount="0" falsecount="2"/>
          <line num="6" count="1" type="stmt"/>
          <line num="7" count="1" type="stmt"/>
          <line num="8" count="1" type="stmt"/>
          <line num="9" count="1" type="cond" truecount="1" falsecount="1"/>
          <line num="12" count="1" type="cond" truecount="3" falsecount="1"/>
          <line num="13" count="0" type="stmt"/>
          <line num="14" count="0" type="stmt"/>
          <line num="15" count="0" type="cond" truecount="0" falsecount="2"/>
          <line num="16" count="0" type="stmt"/>
          <line num="18" count="0" type="stmt"/>
          <line num="20" count="1" type="stmt"/>
          <line num="21" count="1" type="stmt"/>
          <line num="22" count="1" type="stmt"/>
          <line num="23" count="1" type="stmt"/>
          <line num="24" count="1" type="stmt"/>
          <line num="26" count="8" type="cond" truecount="3" falsecount="0"/>
          <line num="28" count="1" type="stmt"/>
          <line num="29" count="8" type="stmt"/>
          <line num="30" count="8" type="cond" truecount="2" falsecount="0"/>
          <line num="34" count="1" type="stmt"/>
          <line num="36" count="1" type="stmt"/>
        </file>
      </package>
      <package name="src.components.LayoutRegistration">
        <metrics statements="37" coveredstatements="35" conditionals="18" coveredconditionals="11" methods="11" coveredmethods="9"/>
        <file name="main.tsx" path="D:\react\today\typescript\src\components\LayoutRegistration\main.tsx">
          <metrics statements="37" coveredstatements="35" conditionals="18" coveredconditionals="11" methods="11" coveredmethods="9"/>
          <line num="2" count="1" type="cond" truecount="3" falsecount="0"/>
          <line num="3" count="1" type="cond" truecount="1" falsecount="3"/>
          <line num="4" count="0" type="stmt"/>
          <line num="5" count="0" type="cond" truecount="0" falsecount="2"/>
          <line num="6" count="1" type="stmt"/>
          <line num="7" count="1" type="stmt"/>
          <line num="8" count="1" type="stmt"/>
          <line num="9" count="1" type="cond" truecount="1" falsecount="1"/>
          <line num="12" count="1" type="stmt"/>
          <line num="13" count="1" type="stmt"/>
          <line num="14" count="1" type="stmt"/>
          <line num="15" count="1" type="stmt"/>
          <line num="16" count="1" type="stmt"/>
          <line num="17" count="1" type="stmt"/>
          <line num="18" count="1" type="cond" truecount="1" falsecount="1"/>
          <line num="19" count="1" type="stmt"/>
          <line num="20" count="1" type="stmt"/>
          <line num="22" count="6" type="cond" truecount="3" falsecount="0"/>
          <line num="24" count="1" type="stmt"/>
          <line num="25" count="4" type="stmt"/>
          <line num="27" count="1" type="stmt"/>
          <line num="28" count="4" type="stmt"/>
          <line num="32" count="4" type="stmt"/>
          <line num="33" count="4" type="stmt"/>
          <line num="34" count="4" type="stmt"/>
          <line num="35" count="4" type="stmt"/>
          <line num="36" count="4" type="stmt"/>
          <line num="37" count="4" type="stmt"/>
          <line num="39" count="1" type="stmt"/>
          <line num="40" count="6" type="cond" truecount="2" falsecount="0"/>
          <line num="41" count="5" type="stmt"/>
          <line num="45" count="1" type="stmt"/>
          <line num="47" count="1" type="stmt"/>
          <line num="48" count="6" type="stmt"/>
          <line num="49" count="6" type="stmt"/>
          <line num="54" count="1" type="stmt"/>
          <line num="56" count="1" type="stmt"/>
        </file>
      </package>
      <package name="src.components.Loader">
        <metrics statements="6" coveredstatements="6" conditionals="0" coveredconditionals="0" methods="1" coveredmethods="1"/>
        <file name="index.tsx" path="D:\react\today\typescript\src\components\Loader\index.tsx">
          <metrics statements="6" coveredstatements="6" conditionals="0" coveredconditionals="0" methods="1" coveredmethods="1"/>
          <line num="2" count="1" type="stmt"/>
          <line num="3" count="1" type="stmt"/>
          <line num="4" count="1" type="stmt"/>
          <line num="5" count="2" type="stmt"/>
          <line num="6" count="2" type="stmt"/>
          <line num="10" count="1" type="stmt"/>
        </file>
      </package>
      <package name="src.components.LogoLink">
        <metrics statements="13" coveredstatements="6" conditionals="0" coveredconditionals="0" methods="2" coveredmethods="1"/>
        <file name="index.tsx" path="D:\react\today\typescript\src\components\LogoLink\index.tsx">
          <metrics statements="13" coveredstatements="6" conditionals="0" coveredconditionals="0" methods="2" coveredmethods="1"/>
          <line num="2" count="1" type="stmt"/>
          <line num="3" count="1" type="stmt"/>
          <line num="4" count="1" type="stmt"/>
          <line num="5" count="1" type="stmt"/>
          <line num="6" count="3" type="stmt"/>
          <line num="7" count="0" type="stmt"/>
          <line num="8" count="0" type="stmt"/>
          <line num="9" count="0" type="stmt"/>
          <line num="10" count="0" type="stmt"/>
          <line num="11" count="0" type="stmt"/>
          <line num="12" count="0" type="stmt"/>
          <line num="13" count="0" type="stmt"/>
          <line num="16" count="1" type="stmt"/>
        </file>
      </package>
      <package name="src.tools.cookie">
        <metrics statements="11" coveredstatements="4" conditionals="0" coveredconditionals="0" methods="4" coveredmethods="0"/>
        <file name="index.ts" path="D:\react\today\typescript\src\tools\cookie\index.ts">
          <metrics statements="11" coveredstatements="4" conditionals="0" coveredconditionals="0" methods="4" coveredmethods="0"/>
          <line num="2" count="1" type="stmt"/>
          <line num="3" count="1" type="stmt"/>
          <line num="4" count="1" type="stmt"/>
          <line num="5" count="0" type="stmt"/>
          <line num="6" count="0" type="stmt"/>
          <line num="8" count="0" type="stmt"/>
          <line num="9" count="0" type="stmt"/>
          <line num="11" count="0" type="stmt"/>
          <line num="12" count="0" type="stmt"/>
          <line num="14" count="0" type="stmt"/>
          <line num="20" count="1" type="stmt"/>
        </file>
      </package>
    </metrics>
  </project>
</coverage>
