{"D:\\react\\today\\typescript\\src\\config.tsx": {"path":"D:\\react\\today\\typescript\\src\\config.tsx","statementMap":{"0":{"start":{"line":2,"column":0},"end":{"line":2,"column":62}},"1":{"start":{"line":3,"column":17},"end":{"line":3,"column":29}},"2":{"start":{"line":4,"column":18},"end":{"line":4,"column":31}},"3":{"start":{"line":5,"column":11},"end":{"line":5,"column":17}},"4":{"start":{"line":6,"column":10},"end":{"line":6,"column":45}},"5":{"start":{"line":7,"column":10},"end":{"line":7,"column":38}},"6":{"start":{"line":8,"column":0},"end":{"line":8,"column":18}},"7":{"start":{"line":9,"column":11},"end":{"line":11,"column":30}},"8":{"start":{"line":12,"column":0},"end":{"line":12,"column":20}}},"fnMap":{},"branchMap":{"0":{"loc":{"start":{"line":6,"column":10},"end":{"line":6,"column":45}},"type":"binary-expr","locations":[{"start":{"line":6,"column":10},"end":{"line":6,"column":30}},{"start":{"line":6,"column":34},"end":{"line":6,"column":45}}],"line":6},"1":{"loc":{"start":{"line":9,"column":11},"end":{"line":11,"column":30}},"type":"cond-expr","locations":[{"start":{"line":10,"column":6},"end":{"line":10,"column":29}},{"start":{"line":11,"column":6},"end":{"line":11,"column":30}}],"line":9}},"s":{"0":1,"1":1,"2":1,"3":1,"4":1,"5":1,"6":1,"7":1,"8":1},"f":{},"b":{"0":[1,0],"1":[0,1]},"inputSourceMap":{"version":3,"file":"config.js","sourceRoot":"","sources":["config.tsx"],"names":[],"mappings":";;AAAA,IAAM,UAAU,GAAG,YAAY,CAAA;AAC/B,IAAM,WAAW,GAAG,aAAa,CAAA;AACjC,IAAM,IAAI,GAAG,MAAM,CAAA;AACnB,IAAM,GAAG,GAAG,OAAO,CAAC,GAAG,CAAC,QAAQ,IAAI,WAAW,CAAA;AAE/C,IAAM,GAAG,GAAG,4BAA4B,CAAA;AAMhC,kBAAG;AAJX,IAAM,IAAI,GAAG,GAAG,KAAK,UAAU;MAC5B,uBAAuB;MACvB,wBAAwB,CAAA;AAEd,oBAAI","sourcesContent":["const PRODUCTION = 'production'\r\nconst DEVELOPMENT = 'development'\r\nconst TEST = 'test'\r\nconst env = process.env.NODE_ENV || DEVELOPMENT\r\n\r\nconst api = 'https://api.todayme.ru/api'\r\n\r\nconst host = env === PRODUCTION\r\n\t? 'https://lk.todayme.ru'\r\n\t: 'https://lk2.todayme.ru'\r\n\r\nexport {api, host}\r\n"]},"_coverageSchema":"332fd63041d2c1bcb487cc26dd0d5f7d97098a6c","hash":"6d08c7634a1645971821e0b5dd49f1cce93c0b44"}
,"D:\\react\\today\\typescript\\src\\components\\Background\\data.tsx": {"path":"D:\\react\\today\\typescript\\src\\components\\Background\\data.tsx","statementMap":{"0":{"start":{"line":2,"column":0},"end":{"line":2,"column":62}},"1":{"start":{"line":3,"column":12},"end":{"line":3,"column":28}},"2":{"start":{"line":4,"column":0},"end":{"line":17,"column":879}}},"fnMap":{},"branchMap":{},"s":{"0":2,"1":2,"2":2},"f":{},"b":{},"inputSourceMap":{"version":3,"file":"data.js","sourceRoot":"","sources":["data.tsx"],"names":[],"mappings":";;AAAA,6BAA8B;AAEjB,QAAA,EAAE,GAAG,6BAAK,KAAK,EAAC,4BAA4B,EAAC,OAAO,EAAC,eAAe,EAAC,SAAS,EAAC,YAAY,EAAC,mBAAmB,EAAC,gBAAgB;IAC5I;QACC,wCAAgB,EAAE,EAAC,GAAG,EAAC,EAAE,EAAC,QAAQ,EAAC,EAAE,EAAC,OAAO,EAAC,EAAE,EAAC,MAAM;YACtD,8BAAM,SAAS,EAAC,iBAAiB,EAAC,MAAM,EAAC,IAAI,GAAE;YAC/C,8BAAM,SAAS,EAAC,iBAAiB,EAAC,MAAM,EAAC,MAAM,GAAE,CACjC,CACX;IACP,2BAAG,IAAI,EAAC,MAAM,EAAC,QAAQ,EAAC,SAAS;QAChC,8BAAM,KAAK,EAAC,MAAM,EAAC,MAAM,EAAC,MAAM,EAAC,IAAI,EAAC,SAAS,GAAE;QACjD,2BAAG,OAAO,EAAC,MAAM,EAAC,SAAS,EAAC,oBAAoB;YAC/C,8BAAM,IAAI,EAAC,SAAS,EACjB,CAAC,EAAC,6/FAA6/F,EAC//F,OAAO,EAAC,MAAM,EAAC,SAAS,EAAC,4BAA4B,GAAE;YAC1D,8BAAM,MAAM,EAAC,SAAS,EACnB,CAAC,EAAC,8aAA8a,EAChb,aAAa,EAAC,OAAO,EAAC,cAAc,EAAC,OAAO,GAAE;YACjD,8BAAM,MAAM,EAAC,SAAS,EAAC,CAAC,EAAC,+BAA+B,GAAE;YAC1D,8BAAM,MAAM,EAAC,SAAS,EAAC,CAAC,EAAC,oEAAoE,EAC1F,aAAa,EAAC,OAAO,EAAC,cAAc,EAAC,OAAO,GAAE;YACjD,kCAAU,MAAM,EAAC,SAAS,EACrB,MAAM,EAAC,uJAAuJ,EAC9J,SAAS,EAAC,oBAAoB,EAAC,aAAa,EAAC,OAAO,EAAC,cAAc,EAAC,OAAO,GAAE,CAC/E;QACJ,8BAAM,MAAM,EAAC,SAAS,EACnB,CAAC,EAAC,gwBAAgwB,EAClwB,SAAS,EAAC,gCAAgC,GAAE,CAC5C,CACC,CAAA","sourcesContent":["import * as React from 'react'\r\n\r\nexport const bg = <svg xmlns=\"http://www.w3.org/2000/svg\" viewBox=\"0 0 1440 1024\" className='entry__svg' preserveAspectRatio=\"xMidYMid slice\">\r\n\t<defs>\r\n\t\t<linearGradient id=\"a\" x1=\"2.235%\" y1=\".835%\" y2=\"100%\">\r\n\t\t\t<stop className=\"entry__bg-stop1\" offset=\"0%\"/>\r\n\t\t\t<stop className=\"entry__bg-stop2\" offset=\"100%\"/>\r\n\t\t</linearGradient>\r\n\t</defs>\r\n\t<g fill=\"none\" fillRule=\"evenodd\">\r\n\t\t<rect width=\"1440\" height=\"1024\" fill=\"url(#a)\"/>\r\n\t\t<g opacity=\".878\" transform=\"translate(144 139)\">\r\n\t\t\t<path fill=\"#7FC6F6\"\r\n\t\t\t\t\t\td=\"M665.57495,517.992055 C665.57495,508.985055 672.874172,501.683438 681.882642,501.683438 L681.882642,501.683438 C690.889132,501.683438 698.190334,508.986707 698.190334,517.992055 L698.190334,572.351565 C698.190334,581.358566 690.891112,588.660182 681.882642,588.660182 L681.882642,588.660182 C672.876152,588.660182 665.57495,581.356914 665.57495,572.351565 L665.57495,517.992055 Z M936.321197,545.501284 C979.561335,549.307177 1013.47239,585.614574 1013.47239,629.846599 L1013.47239,884.508649 C1013.47239,931.273244 975.565501,969.183438 928.799919,969.183438 L674.144852,969.183438 C627.38154,969.183438 589.472386,931.275514 589.472386,884.508649 L589.472386,629.846599 C589.472386,585.616488 623.381761,549.307029 666.623925,545.501243 C668.953379,551.662325 674.906455,556.043903 681.882642,556.043903 C688.984228,556.043903 695.023596,551.505922 697.262183,545.17181 L905.682919,545.17181 C907.922053,551.505548 913.962232,556.043903 921.062129,556.043903 C928.039967,556.043903 933.992283,551.662697 936.321197,545.501284 Z M904.754437,517.992055 C904.754437,508.985055 912.053659,501.683438 921.062129,501.683438 L921.062129,501.683438 C930.068619,501.683438 937.369821,508.986707 937.369821,517.992055 L937.369821,572.351565 C937.369821,581.358566 930.070599,588.660182 921.062129,588.660182 L921.062129,588.660182 C912.055639,588.660182 904.754437,581.356914 904.754437,572.351565 L904.754437,517.992055 Z M709.062129,670.20088 C709.062129,661.194143 716.364999,653.89274 725.371614,653.89274 L763.421104,653.89274 L763.421104,686.50902 L709.062129,686.50902 L709.062129,670.20088 Z M774.292898,653.89274 L828.651873,653.89274 L828.651873,686.50902 L774.292898,686.50902 L774.292898,653.89274 Z M839.523668,653.89274 L877.573157,653.89274 C886.580637,653.89274 893.882642,661.192163 893.882642,670.20088 L893.882642,686.50902 L839.523668,686.50902 L839.523668,653.89274 Z M709.062129,697.381113 L763.421104,697.381113 L763.421104,729.997392 L709.062129,729.997392 L709.062129,697.381113 Z M839.523668,697.381113 L893.882642,697.381113 L893.882642,729.997392 L839.523668,729.997392 L839.523668,697.381113 Z M709.062129,740.869485 L763.421104,740.869485 L763.421104,773.485764 L709.062129,773.485764 L709.062129,740.869485 Z M839.523668,740.869485 L893.882642,740.869485 L893.882642,773.485764 L839.523668,773.485764 L839.523668,740.869485 Z M839.523668,784.357857 L893.882642,784.357857 L893.882642,816.974136 L839.523668,816.974136 L839.523668,784.357857 Z M709.062129,827.846229 L763.421104,827.846229 L763.421104,860.462508 L725.371614,860.462508 C716.364134,860.462508 709.062129,853.163085 709.062129,844.154368 L709.062129,827.846229 Z M741.677514,784.357857 L796.036488,784.357857 L796.036488,816.974136 L741.677514,816.974136 L741.677514,784.357857 Z M839.523668,827.846229 L893.882642,827.846229 L893.882642,844.154368 C893.882642,853.161105 886.579772,860.462508 877.573157,860.462508 L839.523668,860.462508 L839.523668,827.846229 Z M774.292898,740.869485 L828.651873,740.869485 L828.651873,773.485764 L774.292898,773.485764 L774.292898,740.869485 Z\"\r\n\t\t\t\t\t\topacity=\".723\" transform=\"rotate(30 801.472 735.433)\"/>\r\n\t\t\t<path stroke=\"#7FC6F6\"\r\n\t\t\t\t\t\td=\"M27.36 61.1884615C-.48 78.9565934-8.16 115.933516 9.6 144.266484 27.36 172.119231 63.36 180.282967 90.72 162.034615 97.44 157.712637 103.2 151.95 107.52 145.226923L155.04 221.101648 184.756206 201.827525 108.48 78.9565934C90.72 51.1038462 54.72 42.9401099 27.36 61.1884615zM71.52 15.0873626C73.92 12.6862637 76.32 10.7653846 79.2 8.84450549 103.68-7.48296703 135.84-.27967033 151.68 24.6917582L220.8 134.181868 185.28 201.412637\"\r\n\t\t\t\t\t\tstrokeLinecap=\"round\" strokeLinejoin=\"round\"/>\r\n\t\t\t<path stroke=\"#7FC6F6\" d=\"M21.6,64.55 L71.52,15.0873626\"/>\r\n\t\t\t<path stroke=\"#7FC6F6\" d=\"M162.24 41.0192308L118.56 95.2840659M177.12 64.55L136.8 124.097253\"\r\n\t\t\t\t\t\tstrokeLinecap=\"round\" strokeLinejoin=\"round\"/>\r\n\t\t\t<polyline stroke=\"#7FC6F6\"\r\n\t\t\t\t\t\t\t\tpoints=\"0 81.844 42.757 81.844 64.974 0 89.788 138.063 117.249 50.923 139.301 111.891 164.283 7.823 185.28 125.702 214.809 41.462 228.737 80.801 268.8 80.118\"\r\n\t\t\t\t\t\t\t\ttransform=\"translate(129 454)\" strokeLinecap=\"round\" strokeLinejoin=\"round\"/>\r\n\t\t</g>\r\n\t\t<path stroke=\"#7FC6F6\"\r\n\t\t\t\t\td=\"M152.16,53.18 C142.01,44.44 127.82,40 110.01,40 C104.16,40 97.81,41.79 92.72,43.23 C91.81,43.48 90.9,43.74 90.02,43.98 C90.56,25.14 106.06,10 125,10 C127.76,10 130,7.76 130,5 C130,2.24 127.76,-1.13686838e-13 125,-1.13686838e-13 C100.53,-1.13686838e-13 80.55,19.64 80.01,43.99 C79.13,43.75 78.21,43.48 77.29,43.23 C72.19,41.78 65.85,40 60,40 C42.18,40 28,44.43 17.85,53.18 C6,63.38 6.82121026e-13,79.13 6.82121026e-13,100 C6.82121026e-13,121.43 6.24,145.88 16.7,165.39 C28.66,187.71 44.04,200 60,200 C65.17,200 69.33,198.66 73.36,197.36 C77.11,196.15 80.66,195 85,195 C89.34,195 92.89,196.14 96.64,197.36 C100.66,198.66 104.83,200 110,200 C125.96,200 141.34,187.71 153.3,165.39 C163.76,145.87 170,121.43 170,100 C170.01,79.13 164.01,63.38 152.16,53.18 L152.16,53.18 Z\"\r\n\t\t\t\t\ttransform=\"rotate(-16 1698.151 -3981.984)\"/>\r\n\t</g>\r\n</svg>"]},"_coverageSchema":"332fd63041d2c1bcb487cc26dd0d5f7d97098a6c","hash":"07c4f392ecc856a768f338265ed9720ae272df50"}
,"D:\\react\\today\\typescript\\src\\components\\Background\\index.tsx": {"path":"D:\\react\\today\\typescript\\src\\components\\Background\\index.tsx","statementMap":{"0":{"start":{"line":2,"column":16},"end":{"line":11,"column":4}},"1":{"start":{"line":3,"column":24},"end":{"line":5,"column":82}},"2":{"start":{"line":4,"column":65},"end":{"line":4,"column":81}},"3":{"start":{"line":5,"column":26},"end":{"line":5,"column":80}},"4":{"start":{"line":5,"column":43},"end":{"line":5,"column":80}},"5":{"start":{"line":5,"column":68},"end":{"line":5,"column":80}},"6":{"start":{"line":6,"column":4},"end":{"line":10,"column":6}},"7":{"start":{"line":7,"column":8},"end":{"line":7,"column":28}},"8":{"start":{"line":8,"column":24},"end":{"line":8,"column":45}},"9":{"start":{"line":9,"column":8},"end":{"line":9,"column":93}},"10":{"start":{"line":12,"column":0},"end":{"line":12,"column":62}},"11":{"start":{"line":13,"column":12},"end":{"line":13,"column":28}},"12":{"start":{"line":14,"column":13},"end":{"line":14,"column":30}},"13":{"start":{"line":15,"column":18},"end":{"line":24,"column":18}},"14":{"start":{"line":16,"column":4},"end":{"line":16,"column":34}},"15":{"start":{"line":18,"column":8},"end":{"line":18,"column":72}},"16":{"start":{"line":20,"column":4},"end":{"line":22,"column":6}},"17":{"start":{"line":21,"column":8},"end":{"line":21,"column":83}},"18":{"start":{"line":23,"column":4},"end":{"line":23,"column":22}},"19":{"start":{"line":25,"column":0},"end":{"line":25,"column":29}}},"fnMap":{"0":{"name":"(anonymous_0)","decl":{"start":{"line":2,"column":45},"end":{"line":2,"column":46}},"loc":{"start":{"line":2,"column":57},"end":{"line":11,"column":1}},"line":2},"1":{"name":"(anonymous_1)","decl":{"start":{"line":4,"column":47},"end":{"line":4,"column":48}},"loc":{"start":{"line":4,"column":63},"end":{"line":4,"column":83}},"line":4},"2":{"name":"(anonymous_2)","decl":{"start":{"line":5,"column":8},"end":{"line":5,"column":9}},"loc":{"start":{"line":5,"column":24},"end":{"line":5,"column":82}},"line":5},"3":{"name":"(anonymous_3)","decl":{"start":{"line":6,"column":11},"end":{"line":6,"column":12}},"loc":{"start":{"line":6,"column":27},"end":{"line":10,"column":5}},"line":6},"4":{"name":"__","decl":{"start":{"line":8,"column":17},"end":{"line":8,"column":19}},"loc":{"start":{"line":8,"column":22},"end":{"line":8,"column":47}},"line":8},"5":{"name":"(anonymous_5)","decl":{"start":{"line":15,"column":18},"end":{"line":15,"column":19}},"loc":{"start":{"line":15,"column":36},"end":{"line":24,"column":1}},"line":15},"6":{"name":"Background","decl":{"start":{"line":17,"column":13},"end":{"line":17,"column":23}},"loc":{"start":{"line":17,"column":26},"end":{"line":19,"column":5}},"line":17},"7":{"name":"(anonymous_7)","decl":{"start":{"line":20,"column":34},"end":{"line":20,"column":35}},"loc":{"start":{"line":20,"column":46},"end":{"line":22,"column":5}},"line":20}},"branchMap":{"0":{"loc":{"start":{"line":2,"column":16},"end":{"line":11,"column":4}},"type":"binary-expr","locations":[{"start":{"line":2,"column":17},"end":{"line":2,"column":21}},{"start":{"line":2,"column":25},"end":{"line":2,"column":39}},{"start":{"line":2,"column":44},"end":{"line":11,"column":4}}],"line":2},"1":{"loc":{"start":{"line":3,"column":24},"end":{"line":5,"column":82}},"type":"binary-expr","locations":[{"start":{"line":3,"column":24},"end":{"line":3,"column":45}},{"start":{"line":4,"column":9},"end":{"line":4,"column":43}},{"start":{"line":4,"column":47},"end":{"line":4,"column":83}},{"start":{"line":5,"column":8},"end":{"line":5,"column":82}}],"line":3},"2":{"loc":{"start":{"line":5,"column":43},"end":{"line":5,"column":80}},"type":"if","locations":[{"start":{"line":5,"column":43},"end":{"line":5,"column":80}},{"start":{"line":5,"column":43},"end":{"line":5,"column":80}}],"line":5},"3":{"loc":{"start":{"line":9,"column":22},"end":{"line":9,"column":92}},"type":"cond-expr","locations":[{"start":{"line":9,"column":35},"end":{"line":9,"column":51}},{"start":{"line":9,"column":55},"end":{"line":9,"column":91}}],"line":9},"4":{"loc":{"start":{"line":18,"column":15},"end":{"line":18,"column":71}},"type":"binary-expr","locations":[{"start":{"line":18,"column":15},"end":{"line":18,"column":30}},{"start":{"line":18,"column":34},"end":{"line":18,"column":63}},{"start":{"line":18,"column":67},"end":{"line":18,"column":71}}],"line":18}},"s":{"0":2,"1":2,"2":0,"3":0,"4":0,"5":0,"6":2,"7":2,"8":2,"9":2,"10":2,"11":2,"12":2,"13":2,"14":2,"15":6,"16":2,"17":6,"18":2,"19":2},"f":{"0":2,"1":0,"2":0,"3":2,"4":2,"5":2,"6":6,"7":6},"b":{"0":[2,2,2],"1":[2,0,0,0],"2":[0,0],"3":[0,2],"4":[6,6,6]},"inputSourceMap":{"version":3,"file":"index.js","sourceRoot":"","sources":["index.tsx"],"names":[],"mappings":";;;;;;;;;;;;AAAA,6BAA8B;AAC9B,+BAAyB;AAEzB;IAAyB,8BAAuB;IAAhD;;IAQA,CAAC;IAPA,2BAAM,GAAN;QACC,MAAM,CAAC,CACN,6BAAK,SAAS,EAAC,WAAW,IACxB,SAAE,CACE,CACN,CAAA;IACF,CAAC;IACF,iBAAC;AAAD,CAAC,AARD,CAAyB,KAAK,CAAC,SAAS,GAQvC;AAED,kBAAe,UAAU,CAAA","sourcesContent":["import * as React from 'react'\nimport {bg} from './data'\n\nclass Background extends React.Component<{}, {}> {\n\trender() {\n\t\treturn (\n\t\t\t<div className='entry__bg'>\n\t\t\t\t{bg}\n\t\t\t</div>\n\t\t)\n\t}\n}\n\nexport default Background"]},"_coverageSchema":"332fd63041d2c1bcb487cc26dd0d5f7d97098a6c","hash":"acf522817b6f99da6c527ca24d3d3db82fe49531"}
,"D:\\react\\today\\typescript\\src\\components\\InputText\\index.tsx": {"path":"D:\\react\\today\\typescript\\src\\components\\InputText\\index.tsx","statementMap":{"0":{"start":{"line":2,"column":16},"end":{"line":11,"column":4}},"1":{"start":{"line":3,"column":24},"end":{"line":5,"column":82}},"2":{"start":{"line":4,"column":65},"end":{"line":4,"column":81}},"3":{"start":{"line":5,"column":26},"end":{"line":5,"column":80}},"4":{"start":{"line":5,"column":43},"end":{"line":5,"column":80}},"5":{"start":{"line":5,"column":68},"end":{"line":5,"column":80}},"6":{"start":{"line":6,"column":4},"end":{"line":10,"column":6}},"7":{"start":{"line":7,"column":8},"end":{"line":7,"column":28}},"8":{"start":{"line":8,"column":24},"end":{"line":8,"column":45}},"9":{"start":{"line":9,"column":8},"end":{"line":9,"column":93}},"10":{"start":{"line":12,"column":15},"end":{"line":19,"column":1}},"11":{"start":{"line":13,"column":4},"end":{"line":17,"column":5}},"12":{"start":{"line":14,"column":8},"end":{"line":14,"column":25}},"13":{"start":{"line":15,"column":8},"end":{"line":16,"column":24}},"14":{"start":{"line":15,"column":25},"end":{"line":16,"column":24}},"15":{"start":{"line":16,"column":12},"end":{"line":16,"column":24}},"16":{"start":{"line":18,"column":4},"end":{"line":18,"column":13}},"17":{"start":{"line":20,"column":0},"end":{"line":20,"column":62}},"18":{"start":{"line":21,"column":12},"end":{"line":21,"column":28}},"19":{"start":{"line":22,"column":17},"end":{"line":22,"column":38}},"20":{"start":{"line":23,"column":17},"end":{"line":35,"column":22}},"21":{"start":{"line":24,"column":4},"end":{"line":24,"column":33}},"22":{"start":{"line":26,"column":8},"end":{"line":26,"column":72}},"23":{"start":{"line":28,"column":4},"end":{"line":33,"column":6}},"24":{"start":{"line":29,"column":17},"end":{"line":29,"column":27}},"25":{"start":{"line":29,"column":37},"end":{"line":29,"column":45}},"26":{"start":{"line":29,"column":61},"end":{"line":29,"column":75}},"27":{"start":{"line":29,"column":82},"end":{"line":29,"column":89}},"28":{"start":{"line":29,"column":101},"end":{"line":29,"column":111}},"29":{"start":{"line":29,"column":121},"end":{"line":29,"column":129}},"30":{"start":{"line":30,"column":8},"end":{"line":32,"column":97}},"31":{"start":{"line":34,"column":4},"end":{"line":34,"column":21}},"32":{"start":{"line":36,"column":0},"end":{"line":36,"column":28}}},"fnMap":{"0":{"name":"(anonymous_0)","decl":{"start":{"line":2,"column":45},"end":{"line":2,"column":46}},"loc":{"start":{"line":2,"column":57},"end":{"line":11,"column":1}},"line":2},"1":{"name":"(anonymous_1)","decl":{"start":{"line":4,"column":47},"end":{"line":4,"column":48}},"loc":{"start":{"line":4,"column":63},"end":{"line":4,"column":83}},"line":4},"2":{"name":"(anonymous_2)","decl":{"start":{"line":5,"column":8},"end":{"line":5,"column":9}},"loc":{"start":{"line":5,"column":24},"end":{"line":5,"column":82}},"line":5},"3":{"name":"(anonymous_3)","decl":{"start":{"line":6,"column":11},"end":{"line":6,"column":12}},"loc":{"start":{"line":6,"column":27},"end":{"line":10,"column":5}},"line":6},"4":{"name":"__","decl":{"start":{"line":8,"column":17},"end":{"line":8,"column":19}},"loc":{"start":{"line":8,"column":22},"end":{"line":8,"column":47}},"line":8},"5":{"name":"(anonymous_5)","decl":{"start":{"line":12,"column":59},"end":{"line":12,"column":60}},"loc":{"start":{"line":12,"column":71},"end":{"line":19,"column":1}},"line":12},"6":{"name":"(anonymous_6)","decl":{"start":{"line":23,"column":17},"end":{"line":23,"column":18}},"loc":{"start":{"line":23,"column":35},"end":{"line":35,"column":1}},"line":23},"7":{"name":"InputText","decl":{"start":{"line":25,"column":13},"end":{"line":25,"column":22}},"loc":{"start":{"line":25,"column":25},"end":{"line":27,"column":5}},"line":25},"8":{"name":"(anonymous_8)","decl":{"start":{"line":28,"column":33},"end":{"line":28,"column":34}},"loc":{"start":{"line":28,"column":45},"end":{"line":33,"column":5}},"line":28}},"branchMap":{"0":{"loc":{"start":{"line":2,"column":16},"end":{"line":11,"column":4}},"type":"binary-expr","locations":[{"start":{"line":2,"column":17},"end":{"line":2,"column":21}},{"start":{"line":2,"column":25},"end":{"line":2,"column":39}},{"start":{"line":2,"column":44},"end":{"line":11,"column":4}}],"line":2},"1":{"loc":{"start":{"line":3,"column":24},"end":{"line":5,"column":82}},"type":"binary-expr","locations":[{"start":{"line":3,"column":24},"end":{"line":3,"column":45}},{"start":{"line":4,"column":9},"end":{"line":4,"column":43}},{"start":{"line":4,"column":47},"end":{"line":4,"column":83}},{"start":{"line":5,"column":8},"end":{"line":5,"column":82}}],"line":3},"2":{"loc":{"start":{"line":5,"column":43},"end":{"line":5,"column":80}},"type":"if","locations":[{"start":{"line":5,"column":43},"end":{"line":5,"column":80}},{"start":{"line":5,"column":43},"end":{"line":5,"column":80}}],"line":5},"3":{"loc":{"start":{"line":9,"column":22},"end":{"line":9,"column":92}},"type":"cond-expr","locations":[{"start":{"line":9,"column":35},"end":{"line":9,"column":51}},{"start":{"line":9,"column":55},"end":{"line":9,"column":91}}],"line":9},"4":{"loc":{"start":{"line":12,"column":15},"end":{"line":19,"column":1}},"type":"binary-expr","locations":[{"start":{"line":12,"column":16},"end":{"line":12,"column":20}},{"start":{"line":12,"column":24},"end":{"line":12,"column":37}},{"start":{"line":12,"column":42},"end":{"line":12,"column":55}},{"start":{"line":12,"column":59},"end":{"line":19,"column":1}}],"line":12},"5":{"loc":{"start":{"line":15,"column":25},"end":{"line":16,"column":24}},"type":"if","locations":[{"start":{"line":15,"column":25},"end":{"line":16,"column":24}},{"start":{"line":15,"column":25},"end":{"line":16,"column":24}}],"line":15},"6":{"loc":{"start":{"line":26,"column":15},"end":{"line":26,"column":71}},"type":"binary-expr","locations":[{"start":{"line":26,"column":15},"end":{"line":26,"column":30}},{"start":{"line":26,"column":34},"end":{"line":26,"column":63}},{"start":{"line":26,"column":67},"end":{"line":26,"column":71}}],"line":26},"7":{"loc":{"start":{"line":30,"column":94},"end":{"line":30,"column":110}},"type":"binary-expr","locations":[{"start":{"line":30,"column":94},"end":{"line":30,"column":101}},{"start":{"line":30,"column":105},"end":{"line":30,"column":110}}],"line":30},"8":{"loc":{"start":{"line":32,"column":12},"end":{"line":32,"column":94}},"type":"binary-expr","locations":[{"start":{"line":32,"column":12},"end":{"line":32,"column":19}},{"start":{"line":32,"column":23},"end":{"line":32,"column":28}},{"start":{"line":32,"column":32},"end":{"line":32,"column":94}}],"line":32}},"s":{"0":1,"1":1,"2":0,"3":0,"4":0,"5":0,"6":1,"7":1,"8":1,"9":1,"10":1,"11":0,"12":0,"13":0,"14":0,"15":0,"16":0,"17":1,"18":1,"19":1,"20":1,"21":1,"22":8,"23":1,"24":8,"25":8,"26":8,"27":8,"28":8,"29":8,"30":8,"31":1,"32":1},"f":{"0":1,"1":0,"2":0,"3":1,"4":1,"5":0,"6":1,"7":8,"8":8},"b":{"0":[1,1,1],"1":[1,0,0,0],"2":[0,0],"3":[0,1],"4":[1,1,1,0],"5":[0,0],"6":[8,8,8],"7":[8,5],"8":[8,5,3]},"inputSourceMap":{"version":3,"file":"index.js","sourceRoot":"","sources":["index.tsx"],"names":[],"mappings":";;;;;;;;;;;;;;;;;;;;AAAA,6BAA8B;AAE9B,uCAAwC;AAMxC;IAAwB,6BAAiC;IAAzD;;IAgBA,CAAC;IAdA,0BAAM,GAAN;QACO,IAAA,eAAyD,EAAxD,gBAAK,EAAE,4BAAW,EAAE,YAAsB,EAAf,oBAAO,EAAE,gBAAK,CAAe;QAC/D,MAAM,CAAC,CACN,6BAAK,SAAS,EAAE,UAAU,CAAC,OAAO,EAAE,EAAC,cAAc,EAAE,OAAO,IAAI,KAAK,EAAC,CAAC;YACtE,wCACC,SAAS,EAAC,cAAc,IACpB,KAAK,IACT,IAAI,EAAC,MAAM,EACX,WAAW,EAAE,WAAW,IACvB;YACD,OAAO,IAAI,KAAK,IAAI,2BAAG,SAAS,EAAC,cAAc,IAAE,KAAK,CAAK,CACvD,CACN,CAAA;IACF,CAAC;IACF,gBAAC;AAAD,CAAC,AAhBD,CAAwB,KAAK,CAAC,aAAa,GAgB1C;AACD,kBAAe,SAAS,CAAA","sourcesContent":["import * as React from 'react'\nimport {WrappedFieldProps} from 'redux-form'\nimport * as classNames from 'classNames'\n\ninterface OwnProps extends WrappedFieldProps<{}> {\n\tplaceholder: string\n}\n\nclass InputText extends React.PureComponent<OwnProps, {}> {\n\n\trender() {\n\t\tconst {input, placeholder, meta: {touched, error}} = this.props\n\t\treturn (\n\t\t\t<div className={classNames('input', {'input--error': touched && error})}>\n\t\t\t\t<input\n\t\t\t\t\tclassName='input__field'\n\t\t\t\t\t{...input}\n\t\t\t\t\ttype='text'\n\t\t\t\t\tplaceholder={placeholder}\n\t\t\t\t/>\n\t\t\t\t{touched && error && <p className='input__alert'>{error}</p>}\n\t\t\t</div>\n\t\t)\n\t}\n}\nexport default InputText"]},"_coverageSchema":"332fd63041d2c1bcb487cc26dd0d5f7d97098a6c","hash":"35857a0ec02f003206a651640f8efc72e7808f18"}
,"D:\\react\\today\\typescript\\src\\components\\LayoutRegistration\\main.tsx": {"path":"D:\\react\\today\\typescript\\src\\components\\LayoutRegistration\\main.tsx","statementMap":{"0":{"start":{"line":2,"column":16},"end":{"line":11,"column":4}},"1":{"start":{"line":3,"column":24},"end":{"line":5,"column":82}},"2":{"start":{"line":4,"column":65},"end":{"line":4,"column":81}},"3":{"start":{"line":5,"column":26},"end":{"line":5,"column":80}},"4":{"start":{"line":5,"column":43},"end":{"line":5,"column":80}},"5":{"start":{"line":5,"column":68},"end":{"line":5,"column":80}},"6":{"start":{"line":6,"column":4},"end":{"line":10,"column":6}},"7":{"start":{"line":7,"column":8},"end":{"line":7,"column":28}},"8":{"start":{"line":8,"column":24},"end":{"line":8,"column":45}},"9":{"start":{"line":9,"column":8},"end":{"line":9,"column":93}},"10":{"start":{"line":12,"column":0},"end":{"line":12,"column":62}},"11":{"start":{"line":13,"column":12},"end":{"line":13,"column":28}},"12":{"start":{"line":14,"column":19},"end":{"line":14,"column":43}},"13":{"start":{"line":15,"column":17},"end":{"line":15,"column":39}},"14":{"start":{"line":16,"column":18},"end":{"line":16,"column":41}},"15":{"start":{"line":17,"column":15},"end":{"line":17,"column":38}},"16":{"start":{"line":18,"column":10},"end":{"line":18,"column":63}},"17":{"start":{"line":19,"column":26},"end":{"line":55,"column":18}},"18":{"start":{"line":20,"column":4},"end":{"line":20,"column":42}},"19":{"start":{"line":22,"column":8},"end":{"line":22,"column":72}},"20":{"start":{"line":24,"column":4},"end":{"line":26,"column":6}},"21":{"start":{"line":25,"column":8},"end":{"line":25,"column":25}},"22":{"start":{"line":27,"column":4},"end":{"line":38,"column":6}},"23":{"start":{"line":28,"column":21},"end":{"line":31,"column":9}},"24":{"start":{"line":32,"column":8},"end":{"line":32,"column":46}},"25":{"start":{"line":33,"column":8},"end":{"line":33,"column":40}},"26":{"start":{"line":34,"column":8},"end":{"line":34,"column":62}},"27":{"start":{"line":35,"column":8},"end":{"line":35,"column":44}},"28":{"start":{"line":36,"column":29},"end":{"line":36,"column":69}},"29":{"start":{"line":37,"column":8},"end":{"line":37,"column":36}},"30":{"start":{"line":39,"column":4},"end":{"line":46,"column":6}},"31":{"start":{"line":40,"column":8},"end":{"line":44,"column":9}},"32":{"start":{"line":41,"column":12},"end":{"line":43,"column":69}},"33":{"start":{"line":45,"column":8},"end":{"line":45,"column":20}},"34":{"start":{"line":47,"column":4},"end":{"line":53,"column":6}},"35":{"start":{"line":48,"column":23},"end":{"line":48,"column":42}},"36":{"start":{"line":49,"column":8},"end":{"line":52,"column":62}},"37":{"start":{"line":54,"column":4},"end":{"line":54,"column":30}},"38":{"start":{"line":56,"column":0},"end":{"line":56,"column":37}}},"fnMap":{"0":{"name":"(anonymous_0)","decl":{"start":{"line":2,"column":45},"end":{"line":2,"column":46}},"loc":{"start":{"line":2,"column":57},"end":{"line":11,"column":1}},"line":2},"1":{"name":"(anonymous_1)","decl":{"start":{"line":4,"column":47},"end":{"line":4,"column":48}},"loc":{"start":{"line":4,"column":63},"end":{"line":4,"column":83}},"line":4},"2":{"name":"(anonymous_2)","decl":{"start":{"line":5,"column":8},"end":{"line":5,"column":9}},"loc":{"start":{"line":5,"column":24},"end":{"line":5,"column":82}},"line":5},"3":{"name":"(anonymous_3)","decl":{"start":{"line":6,"column":11},"end":{"line":6,"column":12}},"loc":{"start":{"line":6,"column":27},"end":{"line":10,"column":5}},"line":6},"4":{"name":"__","decl":{"start":{"line":8,"column":17},"end":{"line":8,"column":19}},"loc":{"start":{"line":8,"column":22},"end":{"line":8,"column":47}},"line":8},"5":{"name":"(anonymous_5)","decl":{"start":{"line":19,"column":26},"end":{"line":19,"column":27}},"loc":{"start":{"line":19,"column":44},"end":{"line":55,"column":1}},"line":19},"6":{"name":"LayoutRegistration","decl":{"start":{"line":21,"column":13},"end":{"line":21,"column":31}},"loc":{"start":{"line":21,"column":34},"end":{"line":23,"column":5}},"line":21},"7":{"name":"(anonymous_7)","decl":{"start":{"line":24,"column":53},"end":{"line":24,"column":54}},"loc":{"start":{"line":24,"column":65},"end":{"line":26,"column":5}},"line":24},"8":{"name":"(anonymous_8)","decl":{"start":{"line":27,"column":45},"end":{"line":27,"column":46}},"loc":{"start":{"line":27,"column":57},"end":{"line":38,"column":5}},"line":27},"9":{"name":"(anonymous_9)","decl":{"start":{"line":39,"column":46},"end":{"line":39,"column":47}},"loc":{"start":{"line":39,"column":58},"end":{"line":46,"column":5}},"line":39},"10":{"name":"(anonymous_10)","decl":{"start":{"line":47,"column":42},"end":{"line":47,"column":43}},"loc":{"start":{"line":47,"column":54},"end":{"line":53,"column":5}},"line":47}},"branchMap":{"0":{"loc":{"start":{"line":2,"column":16},"end":{"line":11,"column":4}},"type":"binary-expr","locations":[{"start":{"line":2,"column":17},"end":{"line":2,"column":21}},{"start":{"line":2,"column":25},"end":{"line":2,"column":39}},{"start":{"line":2,"column":44},"end":{"line":11,"column":4}}],"line":2},"1":{"loc":{"start":{"line":3,"column":24},"end":{"line":5,"column":82}},"type":"binary-expr","locations":[{"start":{"line":3,"column":24},"end":{"line":3,"column":45}},{"start":{"line":4,"column":9},"end":{"line":4,"column":43}},{"start":{"line":4,"column":47},"end":{"line":4,"column":83}},{"start":{"line":5,"column":8},"end":{"line":5,"column":82}}],"line":3},"2":{"loc":{"start":{"line":5,"column":43},"end":{"line":5,"column":80}},"type":"if","locations":[{"start":{"line":5,"column":43},"end":{"line":5,"column":80}},{"start":{"line":5,"column":43},"end":{"line":5,"column":80}}],"line":5},"3":{"loc":{"start":{"line":9,"column":22},"end":{"line":9,"column":92}},"type":"cond-expr","locations":[{"start":{"line":9,"column":35},"end":{"line":9,"column":51}},{"start":{"line":9,"column":55},"end":{"line":9,"column":91}}],"line":9},"4":{"loc":{"start":{"line":18,"column":10},"end":{"line":18,"column":63}},"type":"cond-expr","locations":[{"start":{"line":18,"column":44},"end":{"line":18,"column":57}},{"start":{"line":18,"column":60},"end":{"line":18,"column":63}}],"line":18},"5":{"loc":{"start":{"line":22,"column":15},"end":{"line":22,"column":71}},"type":"binary-expr","locations":[{"start":{"line":22,"column":15},"end":{"line":22,"column":30}},{"start":{"line":22,"column":34},"end":{"line":22,"column":63}},{"start":{"line":22,"column":67},"end":{"line":22,"column":71}}],"line":22},"6":{"loc":{"start":{"line":40,"column":8},"end":{"line":44,"column":9}},"type":"if","locations":[{"start":{"line":40,"column":8},"end":{"line":44,"column":9}},{"start":{"line":40,"column":8},"end":{"line":44,"column":9}}],"line":40}},"s":{"0":1,"1":1,"2":0,"3":0,"4":0,"5":0,"6":1,"7":1,"8":1,"9":1,"10":1,"11":1,"12":1,"13":1,"14":1,"15":1,"16":1,"17":1,"18":1,"19":6,"20":1,"21":4,"22":1,"23":4,"24":4,"25":4,"26":4,"27":4,"28":4,"29":4,"30":1,"31":6,"32":5,"33":1,"34":1,"35":6,"36":6,"37":1,"38":1},"f":{"0":1,"1":0,"2":0,"3":1,"4":1,"5":1,"6":6,"7":4,"8":4,"9":6,"10":6},"b":{"0":[1,1,1],"1":[1,0,0,0],"2":[0,0],"3":[0,1],"4":[1,0],"5":[6,6,6],"6":[5,1]},"inputSourceMap":{"version":3,"file":"main.js","sourceRoot":"","sources":["main.tsx"],"names":[],"mappings":";;;;;;;;;;;;AAAA,6BAA8B;AAC9B,4CAAsC;AACtC,wCAAkC;AAClC,0CAA2C;AAC3C,uCAAiC;AAUjC,IAAI,GAAG,GAAG,OAAO,CAAC,GAAG,CAAC,QAAQ,KAAK,MAAM,GAAG,aAAI,GAAG,GAAG,CAAA;AAEtD;IAAiC,sCAA6B;IAA9D;;IA0CA,CAAC;IAxCA,8CAAiB,GAAjB;QACC,IAAI,CAAC,SAAS,EAAE,CAAA;IACjB,CAAC;IAED,sCAAS,GAAT;QACC,IAAM,MAAM,GAAW;YACtB,IAAI,EAAE,QAAQ,CAAC,aAAa,CAAC,MAAM,CAAC;YACpC,GAAG,EAAG,QAAQ,CAAC,aAAa,CAAC,KAAK,CAAC;SACnC,CAAA;QACD,MAAM,CAAC,GAAG,CAAC,SAAS,GAAG,cAAc,CAAA;QACrC,MAAM,CAAC,GAAG,CAAC,EAAE,GAAG,eAAe,CAAA;QAC/B,MAAM,CAAC,GAAG,CAAC,GAAG,GAAG,GAAG,GAAG,8BAA8B,CAAA;QACrD,MAAM,CAAC,IAAI,CAAC,WAAW,CAAC,MAAM,CAAC,GAAG,CAAC,CAAA;QACnC,IAAI,cAAc,GAAQ,QAAQ,CAAC,aAAa,CAAC,gBAAgB,CAAC,CAAA;QAClE,WAAW,CAAC,cAAc,CAAC,CAAA;IAC5B,CAAC;IAED,uCAAU,GAAV;QACC,EAAE,CAAC,CAAC,CAAC,IAAI,CAAC,KAAK,CAAC,OAAO,CAAC,CAAC,CAAC;YACzB,MAAM,CAAC,CACN,6BAAK,SAAS,EAAC,mBAAmB;gBACjC,6BAAK,SAAS,EAAC,yBAAyB;oBACvC,oBAAC,kBAAQ,OAAE,CACN,CACD,CACN,CAAA;QACF,CAAC;QACD,MAAM,CAAC,IAAI,CAAA;IACZ,CAAC;IAED,mCAAM,GAAN;QACQ,IAAA,8BAAQ,CAAc;QAC7B,MAAM,CAAC,CACN,6BAAK,SAAS,EAAC,sBAAsB;YACnC,IAAI,CAAC,UAAU,EAAE;YACjB,QAAQ;YACT,oBAAC,oBAAU,OAAG,CACT,CACN,CAAA;IACF,CAAC;IACF,yBAAC;AAAD,CAAC,AA1CD,CAAiC,KAAK,CAAC,SAAS,GA0C/C;AAED,kBAAe,kBAAkB,CAAA","sourcesContent":["import * as React from 'react'\r\nimport Background from '../Background'\r\nimport LogoLink from '../LogoLink'\r\nimport * as SVGInjector from 'svg-injector'\r\nimport {host} from '../../config'\r\n\r\ninterface Sprite {\r\n\treadonly body: any\r\n\treadonly img: HTMLImageElement\r\n}\r\n\r\ninterface OwnProps {\r\n\tnotLogo?: boolean\r\n}\r\nlet url = process.env.NODE_ENV === 'test' ? host : '/'\r\n\r\nclass LayoutRegistration extends React.Component<OwnProps, {}> {\r\n\r\n\tcomponentDidMount() {\r\n\t\tthis.svgInject()\r\n\t}\r\n\r\n\tsvgInject(): void {\r\n\t\tconst sprite: Sprite = {\r\n\t\t\tbody: document.querySelector('body'),\r\n\t\t\timg : document.createElement('img')\r\n\t\t}\r\n\t\tsprite.img.className = 'injected-svg'\r\n\t\tsprite.img.id = 'svg-inject-me'\r\n\t\tsprite.img.src = url + 'assets/img/symbol-sprite.svg'\r\n\t\tsprite.body.appendChild(sprite.img)\r\n\t\tlet mySVGsToInject: any = document.querySelector('#svg-inject-me')\r\n\t\tSVGInjector(mySVGsToInject)\r\n\t}\r\n\r\n\trenderLogo() {\r\n\t\tif (!this.props.notLogo) {\r\n\t\t\treturn (\r\n\t\t\t\t<div className='grid entry-header'>\r\n\t\t\t\t\t<div className='grid__cell todayme-logo'>\r\n\t\t\t\t\t\t<LogoLink/>\r\n\t\t\t\t\t</div>\r\n\t\t\t\t</div>\r\n\t\t\t)\r\n\t\t}\r\n\t\treturn null\r\n\t}\r\n\r\n\trender() {\r\n\t\tconst {children} = this.props\r\n\t\treturn (\r\n\t\t\t<div className='layout layout--entry'>\r\n\t\t\t\t{this.renderLogo()}\r\n\t\t\t\t{children}\r\n\t\t\t\t<Background />\r\n\t\t\t</div>\r\n\t\t)\r\n\t}\r\n}\r\n\r\nexport default LayoutRegistration"]},"_coverageSchema":"332fd63041d2c1bcb487cc26dd0d5f7d97098a6c","hash":"9c19bceb29f80c92bd2ecfedada125854f03c43d"}
,"D:\\react\\today\\typescript\\src\\components\\Loader\\index.tsx": {"path":"D:\\react\\today\\typescript\\src\\components\\Loader\\index.tsx","statementMap":{"0":{"start":{"line":2,"column":0},"end":{"line":2,"column":62}},"1":{"start":{"line":3,"column":12},"end":{"line":3,"column":28}},"2":{"start":{"line":4,"column":0},"end":{"line":9,"column":2}},"3":{"start":{"line":5,"column":15},"end":{"line":5,"column":22}},"4":{"start":{"line":6,"column":4},"end":{"line":8,"column":75}},"5":{"start":{"line":10,"column":0},"end":{"line":12,"column":2}}},"fnMap":{"0":{"name":"(anonymous_0)","decl":{"start":{"line":4,"column":17},"end":{"line":4,"column":18}},"loc":{"start":{"line":4,"column":31},"end":{"line":9,"column":1}},"line":4}},"branchMap":{},"s":{"0":1,"1":1,"2":1,"3":2,"4":2,"5":1},"f":{"0":2},"b":{},"inputSourceMap":{"version":3,"file":"index.js","sourceRoot":"","sources":["index.tsx"],"names":[],"mappings":";;AAAA,6BAA8B;AAMjB,QAAA,MAAM,GAAwB,UAAC,EAAM;QAAL,cAAI;IAChD,MAAM,CAAA,CACL,6BAAK,SAAS,EAAC,aAAa;QAC3B,4BAAI,SAAS,EAAC,MAAM,IAAE,IAAI,CAAM;QAChC,6BAAK,SAAS,EAAC,qBAAqB,GAAG,CAClC,CACN,CAAA;AACF,CAAC,CAAA;AAED,cAAM,CAAC,YAAY,GAAG;IACrB,IAAI,EAAE,aAAa;CACnB,CAAA","sourcesContent":["import * as React from 'react'\r\n\r\ninterface OwnProps {\r\n\ttext?: string\r\n}\r\n\r\nexport const Loader: React.SFC<OwnProps> = ({text}) => {\r\n\treturn(\r\n\t\t<div className='text-center'>\r\n\t\t\t<h2 className='pt20'>{text}</h2>\r\n\t\t\t<div className='loader loader--main' />\r\n\t\t</div>\r\n\t)\r\n}\r\n\r\nLoader.defaultProps = {\r\n\ttext: 'Загружается',\r\n}"]},"_coverageSchema":"332fd63041d2c1bcb487cc26dd0d5f7d97098a6c","hash":"03e1f20a9192836d0e815fda4a232fb510ef579d"}
,"D:\\react\\today\\typescript\\src\\components\\LogoLink\\index.tsx": {"path":"D:\\react\\today\\typescript\\src\\components\\LogoLink\\index.tsx","statementMap":{"0":{"start":{"line":2,"column":0},"end":{"line":2,"column":62}},"1":{"start":{"line":3,"column":12},"end":{"line":3,"column":28}},"2":{"start":{"line":4,"column":21},"end":{"line":4,"column":44}},"3":{"start":{"line":5,"column":15},"end":{"line":5,"column":44}},"4":{"start":{"line":6,"column":15},"end":{"line":15,"column":66}},"5":{"start":{"line":6,"column":29},"end":{"line":15,"column":64}},"6":{"start":{"line":7,"column":8},"end":{"line":7,"column":58}},"7":{"start":{"line":8,"column":8},"end":{"line":8,"column":57}},"8":{"start":{"line":9,"column":8},"end":{"line":9,"column":57}},"9":{"start":{"line":10,"column":8},"end":{"line":10,"column":60}},"10":{"start":{"line":11,"column":8},"end":{"line":11,"column":64}},"11":{"start":{"line":12,"column":8},"end":{"line":12,"column":62}},"12":{"start":{"line":13,"column":8},"end":{"line":13,"column":48}},"13":{"start":{"line":16,"column":0},"end":{"line":16,"column":27}}},"fnMap":{"0":{"name":"(anonymous_0)","decl":{"start":{"line":6,"column":15},"end":{"line":6,"column":16}},"loc":{"start":{"line":6,"column":27},"end":{"line":15,"column":66}},"line":6},"1":{"name":"(anonymous_1)","decl":{"start":{"line":6,"column":110},"end":{"line":6,"column":111}},"loc":{"start":{"line":6,"column":122},"end":{"line":14,"column":5}},"line":6}},"branchMap":{},"s":{"0":1,"1":1,"2":1,"3":1,"4":1,"5":3,"6":0,"7":0,"8":0,"9":0,"10":0,"11":0,"12":0,"13":1},"f":{"0":3,"1":0},"b":{},"inputSourceMap":{"version":3,"file":"index.js","sourceRoot":"","sources":["index.tsx"],"names":[],"mappings":";;AAAA,6BAA8B;AAC9B,6CAA2C;AAC3C,6CAAuC;AAEvC,IAAM,QAAQ,GAAkB,cAAM,OAAA,CACrC,6BAAK,SAAS,EAAC,sBAAsB,EACnC,OAAO,EAAE;QACR,gBAAM,EAAE,CAAC,MAAM,CAAC,OAAO,EAAE,EAAC,IAAI,EAAE,GAAG,EAAC,CAAC,CAAA;QACrC,gBAAM,EAAE,CAAC,MAAM,CAAC,MAAM,EAAE,EAAC,IAAI,EAAE,GAAG,EAAC,CAAC,CAAA;QACpC,gBAAM,EAAE,CAAC,MAAM,CAAC,MAAM,EAAE,EAAC,IAAI,EAAE,GAAG,EAAC,CAAC,CAAA;QACpC,gBAAM,EAAE,CAAC,MAAM,CAAC,SAAS,EAAE,EAAC,IAAI,EAAE,GAAG,EAAC,CAAC,CAAA;QACvC,gBAAM,EAAE,CAAC,MAAM,CAAC,aAAa,EAAE,EAAC,IAAI,EAAE,GAAG,EAAC,CAAC,CAAA;QAC3C,gBAAM,EAAE,CAAC,MAAM,CAAC,WAAW,EAAE,EAAC,IAAI,EAAE,GAAG,EAAC,CAAC,CAAA;QACzC,6BAAc,CAAC,IAAI,CAAC,GAAG,CAAC,CAAA;IACzB,CAAC;IACF,6BAAK,SAAS,EAAC,cAAc,GAAE,CAC1B,CAAC,EAZ8B,CAY9B,CAAA;AAER,kBAAe,QAAQ,CAAA","sourcesContent":["import * as React from 'react'\r\nimport {browserHistory} from 'react-router'\r\nimport Cookie from '../../tools/cookie'\r\n\r\nconst LogoLink: React.SFC<{}> = () => (\r\n\t<svg className='svg-icon ys-logo-web'\r\n\t\t onClick={() => {\r\n\t\t\t Cookie().remove('token', {path: '/'})\r\n\t\t\t Cookie().remove('txId', {path: '/'})\r\n\t\t\t Cookie().remove('role', {path: '/'})\r\n\t\t\t Cookie().remove('program', {path: '/'})\r\n\t\t\t Cookie().remove('packageType', {path: '/'})\r\n\t\t\t Cookie().remove('promoName', {path: '/'})\r\n\t\t\t browserHistory.push('/')\r\n\t\t }}>\r\n\t\t<use xlinkHref='#ys-logo-web'/>\r\n\t</svg>)\r\n\r\nexport default LogoLink\r\n"]},"_coverageSchema":"332fd63041d2c1bcb487cc26dd0d5f7d97098a6c","hash":"610bac5d8eed96d7f6730369bae3d96b5bf24a76"}
,"D:\\react\\today\\typescript\\src\\tools\\cookie\\index.ts": {"path":"D:\\react\\today\\typescript\\src\\tools\\cookie\\index.ts","statementMap":{"0":{"start":{"line":2,"column":0},"end":{"line":2,"column":62}},"1":{"start":{"line":3,"column":13},"end":{"line":3,"column":36}},"2":{"start":{"line":4,"column":13},"end":{"line":19,"column":1}},"3":{"start":{"line":5,"column":15},"end":{"line":7,"column":5}},"4":{"start":{"line":6,"column":8},"end":{"line":6,"column":38}},"5":{"start":{"line":8,"column":15},"end":{"line":10,"column":5}},"6":{"start":{"line":9,"column":8},"end":{"line":9,"column":33}},"7":{"start":{"line":11,"column":17},"end":{"line":13,"column":5}},"8":{"start":{"line":12,"column":8},"end":{"line":12,"column":41}},"9":{"start":{"line":14,"column":4},"end":{"line":18,"column":6}},"10":{"start":{"line":20,"column":0},"end":{"line":20,"column":25}}},"fnMap":{"0":{"name":"(anonymous_0)","decl":{"start":{"line":4,"column":13},"end":{"line":4,"column":14}},"loc":{"start":{"line":4,"column":25},"end":{"line":19,"column":1}},"line":4},"1":{"name":"(anonymous_1)","decl":{"start":{"line":5,"column":15},"end":{"line":5,"column":16}},"loc":{"start":{"line":5,"column":43},"end":{"line":7,"column":5}},"line":5},"2":{"name":"(anonymous_2)","decl":{"start":{"line":8,"column":15},"end":{"line":8,"column":16}},"loc":{"start":{"line":8,"column":31},"end":{"line":10,"column":5}},"line":8},"3":{"name":"(anonymous_3)","decl":{"start":{"line":11,"column":17},"end":{"line":11,"column":18}},"loc":{"start":{"line":11,"column":39},"end":{"line":13,"column":5}},"line":11}},"branchMap":{},"s":{"0":1,"1":1,"2":1,"3":0,"4":0,"5":0,"6":0,"7":0,"8":0,"9":0,"10":1},"f":{"0":0,"1":0,"2":0,"3":0},"b":{},"inputSourceMap":{"version":3,"file":"index.js","sourceRoot":"","sources":["index.ts"],"names":[],"mappings":";;AAAA,qCAAsC;AAQtC,IAAM,MAAM,GAAG;IACd,IAAM,IAAI,GAAG,UAAC,IAAY,EAAE,IAAS,EAAE,IAAa;QACnD,MAAM,CAAC,IAAI,CAAC,IAAI,EAAE,IAAI,EAAE,IAAI,CAAC,CAAA;IAC9B,CAAC,CAAA;IACD,IAAM,IAAI,GAAG,UAAC,IAAY;QACzB,MAAM,CAAC,MAAM,CAAC,IAAI,CAAC,IAAI,CAAC,CAAA;IACzB,CAAC,CAAA;IACD,IAAM,MAAM,GAAG,UAAC,IAAY,EAAE,IAAa;QAC1C,MAAM,CAAC,MAAM,CAAC,MAAM,CAAC,IAAI,EAAE,IAAI,CAAC,CAAA;IACjC,CAAC,CAAA;IACD,MAAM,CAAC;QACN,IAAI,MAAA;QACJ,IAAI,MAAA;QACJ,MAAM,QAAA;KACN,CAAA;AACF,CAAC,CAAA;AACD,kBAAe,MAAM,CAAA","sourcesContent":["import * as cookie from 'react-cookie'\r\n\r\ninterface CookieAction {\r\n\tsave: (name: string, data: any, path?: object) => void\r\n\tload: (name: string) => any\r\n\tremove: (name: string, path?: object) => void\r\n}\r\n\r\nconst Cookie = (): CookieAction => {\r\n\tconst save = (name: string, data: any, path?: object): void => {\r\n\t\tcookie.save(name, data, path)\r\n\t}\r\n\tconst load = (name: string): any => {\r\n\t\treturn cookie.load(name)\r\n\t}\r\n\tconst remove = (name: string, path?: object): any => {\r\n\t\treturn cookie.remove(name, path)\r\n\t}\r\n\treturn {\r\n\t\tsave,\r\n\t\tload,\r\n\t\tremove\r\n\t}\r\n}\r\nexport default Cookie"]},"_coverageSchema":"332fd63041d2c1bcb487cc26dd0d5f7d97098a6c","hash":"4749c8f3ac2640a04da3aa729854b1f7ad5e2faa"}
}
