TN:
SF:D:\react\today\typescript\src\config.tsx
FNF:0
FNH:0
DA:2,1
DA:3,1
DA:4,1
DA:5,1
DA:6,1
DA:7,1
DA:8,1
DA:9,1
DA:12,1
LF:9
LH:9
BRDA:6,0,0,1
BRDA:6,0,1,0
BRDA:9,1,0,0
BRDA:9,1,1,1
BRF:4
BRH:2
end_of_record
TN:
SF:D:\react\today\typescript\src\components\Background\data.tsx
FNF:0
FNH:0
DA:2,2
DA:3,2
DA:4,2
LF:3
LH:3
BRF:0
BRH:0
end_of_record
TN:
SF:D:\react\today\typescript\src\components\Background\index.tsx
FN:2,(anonymous_0)
FN:4,(anonymous_1)
FN:5,(anonymous_2)
FN:6,(anonymous_3)
FN:8,__
FN:15,(anonymous_5)
FN:17,Background
FN:20,(anonymous_7)
FNF:8
FNH:6
FNDA:2,(anonymous_0)
FNDA:0,(anonymous_1)
FNDA:0,(anonymous_2)
FNDA:2,(anonymous_3)
FNDA:2,__
FNDA:2,(anonymous_5)
FNDA:6,Background
FNDA:6,(anonymous_7)
DA:2,2
DA:3,2
DA:4,0
DA:5,0
DA:6,2
DA:7,2
DA:8,2
DA:9,2
DA:12,2
DA:13,2
DA:14,2
DA:15,2
DA:16,2
DA:18,6
DA:20,2
DA:21,6
DA:23,2
DA:25,2
LF:18
LH:16
BRDA:2,0,0,2
BRDA:2,0,1,2
BRDA:2,0,2,2
BRDA:3,1,0,2
BRDA:3,1,1,0
BRDA:3,1,2,0
BRDA:3,1,3,0
BRDA:5,2,0,0
BRDA:5,2,1,0
BRDA:9,3,0,0
BRDA:9,3,1,2
BRDA:18,4,0,6
BRDA:18,4,1,6
BRDA:18,4,2,6
BRF:14
BRH:8
end_of_record
TN:
SF:D:\react\today\typescript\src\components\InputText\index.tsx
FN:2,(anonymous_0)
FN:4,(anonymous_1)
FN:5,(anonymous_2)
FN:6,(anonymous_3)
FN:8,__
FN:12,(anonymous_5)
FN:23,(anonymous_6)
FN:25,InputText
FN:28,(anonymous_8)
FNF:9
FNH:6
FNDA:1,(anonymous_0)
FNDA:0,(anonymous_1)
FNDA:0,(anonymous_2)
FNDA:1,(anonymous_3)
FNDA:1,__
FNDA:0,(anonymous_5)
FNDA:1,(anonymous_6)
FNDA:8,InputText
FNDA:8,(anonymous_8)
DA:2,1
DA:3,1
DA:4,0
DA:5,0
DA:6,1
DA:7,1
DA:8,1
DA:9,1
DA:12,1
DA:13,0
DA:14,0
DA:15,0
DA:16,0
DA:18,0
DA:20,1
DA:21,1
DA:22,1
DA:23,1
DA:24,1
DA:26,8
DA:28,1
DA:29,8
DA:30,8
DA:34,1
DA:36,1
LF:25
LH:18
BRDA:2,0,0,1
BRDA:2,0,1,1
BRDA:2,0,2,1
BRDA:3,1,0,1
BRDA:3,1,1,0
BRDA:3,1,2,0
BRDA:3,1,3,0
BRDA:5,2,0,0
BRDA:5,2,1,0
BRDA:9,3,0,0
BRDA:9,3,1,1
BRDA:12,4,0,1
BRDA:12,4,1,1
BRDA:12,4,2,1
BRDA:12,4,3,0
BRDA:15,5,0,0
BRDA:15,5,1,0
BRDA:26,6,0,8
BRDA:26,6,1,8
BRDA:26,6,2,8
BRDA:30,7,0,8
BRDA:30,7,1,5
BRDA:32,8,0,8
BRDA:32,8,1,5
BRDA:32,8,2,3
BRF:25
BRH:16
end_of_record
TN:
SF:D:\react\today\typescript\src\components\LayoutRegistration\main.tsx
FN:2,(anonymous_0)
FN:4,(anonymous_1)
FN:5,(anonymous_2)
FN:6,(anonymous_3)
FN:8,__
FN:19,(anonymous_5)
FN:21,LayoutRegistration
FN:24,(anonymous_7)
FN:27,(anonymous_8)
FN:39,(anonymous_9)
FN:47,(anonymous_10)
FNF:11
FNH:9
FNDA:1,(anonymous_0)
FNDA:0,(anonymous_1)
FNDA:0,(anonymous_2)
FNDA:1,(anonymous_3)
FNDA:1,__
FNDA:1,(anonymous_5)
FNDA:6,LayoutRegistration
FNDA:4,(anonymous_7)
FNDA:4,(anonymous_8)
FNDA:6,(anonymous_9)
FNDA:6,(anonymous_10)
DA:2,1
DA:3,1
DA:4,0
DA:5,0
DA:6,1
DA:7,1
DA:8,1
DA:9,1
DA:12,1
DA:13,1
DA:14,1
DA:15,1
DA:16,1
DA:17,1
DA:18,1
DA:19,1
DA:20,1
DA:22,6
DA:24,1
DA:25,4
DA:27,1
DA:28,4
DA:32,4
DA:33,4
DA:34,4
DA:35,4
DA:36,4
DA:37,4
DA:39,1
DA:40,6
DA:41,5
DA:45,1
DA:47,1
DA:48,6
DA:49,6
DA:54,1
DA:56,1
LF:37
LH:35
BRDA:2,0,0,1
BRDA:2,0,1,1
BRDA:2,0,2,1
BRDA:3,1,0,1
BRDA:3,1,1,0
BRDA:3,1,2,0
BRDA:3,1,3,0
BRDA:5,2,0,0
BRDA:5,2,1,0
BRDA:9,3,0,0
BRDA:9,3,1,1
BRDA:18,4,0,1
BRDA:18,4,1,0
BRDA:22,5,0,6
BRDA:22,5,1,6
BRDA:22,5,2,6
BRDA:40,6,0,5
BRDA:40,6,1,1
BRF:18
BRH:11
end_of_record
TN:
SF:D:\react\today\typescript\src\components\Loader\index.tsx
FN:4,(anonymous_0)
FNF:1
FNH:1
FNDA:2,(anonymous_0)
DA:2,1
DA:3,1
DA:4,1
DA:5,2
DA:6,2
DA:10,1
LF:6
LH:6
BRF:0
BRH:0
end_of_record
TN:
SF:D:\react\today\typescript\src\components\LogoLink\index.tsx
FN:6,(anonymous_0)
FN:6,(anonymous_1)
FNF:2
FNH:1
FNDA:3,(anonymous_0)
FNDA:0,(anonymous_1)
DA:2,1
DA:3,1
DA:4,1
DA:5,1
DA:6,3
DA:7,0
DA:8,0
DA:9,0
DA:10,0
DA:11,0
DA:12,0
DA:13,0
DA:16,1
LF:13
LH:6
BRF:0
BRH:0
end_of_record
TN:
SF:D:\react\today\typescript\src\tools\cookie\index.ts
FN:4,(anonymous_0)
FN:5,(anonymous_1)
FN:8,(anonymous_2)
FN:11,(anonymous_3)
FNF:4
FNH:0
FNDA:0,(anonymous_0)
FNDA:0,(anonymous_1)
FNDA:0,(anonymous_2)
FNDA:0,(anonymous_3)
DA:2,1
DA:3,1
DA:4,1
DA:5,0
DA:6,0
DA:8,0
DA:9,0
DA:11,0
DA:12,0
DA:14,0
DA:20,1
LF:11
LH:4
BRF:0
BRH:0
end_of_record
